
main.elf:     file format elf32-avr

Sections:
Idx Name          Size      VMA       LMA       File off  Algn
  0 .data         00000000  00800100  000000d0  00000164  2**0
                  CONTENTS, ALLOC, LOAD, DATA
  1 .text         000000d0  00000000  00000000  00000094  2**2
                  CONTENTS, ALLOC, LOAD, READONLY, CODE
  2 .note.gnu.avr.deviceinfo 00000040  00000000  00000000  00000164  2**2
                  CONTENTS, READONLY, OCTETS
  3 .debug_info   000005f4  00000000  00000000  000001a4  2**0
                  CONTENTS, READONLY, DEBUGGING, OCTETS
  4 .debug_abbrev 000005a2  00000000  00000000  00000798  2**0
                  CONTENTS, READONLY, DEBUGGING, OCTETS
  5 .debug_line   0000001d  00000000  00000000  00000d3a  2**0
                  CONTENTS, READONLY, DEBUGGING, OCTETS
  6 .debug_str    00000208  00000000  00000000  00000d57  2**0
                  CONTENTS, READONLY, DEBUGGING, OCTETS

Disassembly of section .text:

00000000 <__vectors>:
   0:	0c 94 34 00 	jmp	0x68	; 0x68 <__ctors_end>
   4:	0c 94 3e 00 	jmp	0x7c	; 0x7c <__bad_interrupt>
   8:	0c 94 3e 00 	jmp	0x7c	; 0x7c <__bad_interrupt>
   c:	0c 94 3e 00 	jmp	0x7c	; 0x7c <__bad_interrupt>
  10:	0c 94 3e 00 	jmp	0x7c	; 0x7c <__bad_interrupt>
  14:	0c 94 3e 00 	jmp	0x7c	; 0x7c <__bad_interrupt>
  18:	0c 94 3e 00 	jmp	0x7c	; 0x7c <__bad_interrupt>
  1c:	0c 94 3e 00 	jmp	0x7c	; 0x7c <__bad_interrupt>
  20:	0c 94 3e 00 	jmp	0x7c	; 0x7c <__bad_interrupt>
  24:	0c 94 3e 00 	jmp	0x7c	; 0x7c <__bad_interrupt>
  28:	0c 94 3e 00 	jmp	0x7c	; 0x7c <__bad_interrupt>
  2c:	0c 94 3e 00 	jmp	0x7c	; 0x7c <__bad_interrupt>
  30:	0c 94 3e 00 	jmp	0x7c	; 0x7c <__bad_interrupt>
  34:	0c 94 40 00 	jmp	0x80	; 0x80 <__vector_13>
  38:	0c 94 3e 00 	jmp	0x7c	; 0x7c <__bad_interrupt>
  3c:	0c 94 3e 00 	jmp	0x7c	; 0x7c <__bad_interrupt>
  40:	0c 94 3e 00 	jmp	0x7c	; 0x7c <__bad_interrupt>
  44:	0c 94 3e 00 	jmp	0x7c	; 0x7c <__bad_interrupt>
  48:	0c 94 3e 00 	jmp	0x7c	; 0x7c <__bad_interrupt>
  4c:	0c 94 3e 00 	jmp	0x7c	; 0x7c <__bad_interrupt>
  50:	0c 94 3e 00 	jmp	0x7c	; 0x7c <__bad_interrupt>
  54:	0c 94 3e 00 	jmp	0x7c	; 0x7c <__bad_interrupt>
  58:	0c 94 3e 00 	jmp	0x7c	; 0x7c <__bad_interrupt>
  5c:	0c 94 3e 00 	jmp	0x7c	; 0x7c <__bad_interrupt>
  60:	0c 94 3e 00 	jmp	0x7c	; 0x7c <__bad_interrupt>
  64:	0c 94 3e 00 	jmp	0x7c	; 0x7c <__bad_interrupt>

00000068 <__ctors_end>:
  68:	11 24       	eor	r1, r1
  6a:	1f be       	out	0x3f, r1	; 63
  6c:	cf ef       	ldi	r28, 0xFF	; 255
  6e:	d8 e0       	ldi	r29, 0x08	; 8
  70:	de bf       	out	0x3e, r29	; 62
  72:	cd bf       	out	0x3d, r28	; 61
  74:	0e 94 55 00 	call	0xaa	; 0xaa <main>
  78:	0c 94 66 00 	jmp	0xcc	; 0xcc <_exit>

0000007c <__bad_interrupt>:
  7c:	0c 94 00 00 	jmp	0	; 0x0 <__vectors>

00000080 <__vector_13>:
  80:	0f 92       	push	r0
  82:	0f b6       	in	r0, 0x3f	; 63
  84:	0f 92       	push	r0
  86:	8f 93       	push	r24
  88:	9f 93       	push	r25
  8a:	80 e2       	ldi	r24, 0x20	; 32
  8c:	95 b1       	in	r25, 0x05	; 5
  8e:	98 27       	eor	r25, r24
  90:	95 b9       	out	0x05, r25	; 5
  92:	86 ed       	ldi	r24, 0xD6	; 214
  94:	92 ed       	ldi	r25, 0xD2	; 210
  96:	90 93 85 00 	sts	0x0085, r25	; 0x800085 <__DATA_REGION_ORIGIN__+0x25>
  9a:	80 93 84 00 	sts	0x0084, r24	; 0x800084 <__DATA_REGION_ORIGIN__+0x24>
  9e:	9f 91       	pop	r25
  a0:	8f 91       	pop	r24
  a2:	0f 90       	pop	r0
  a4:	0f be       	out	0x3f, r0	; 63
  a6:	0f 90       	pop	r0
  a8:	18 95       	reti

000000aa <main>:
  aa:	25 9a       	sbi	0x04, 5	; 4
  ac:	86 ed       	ldi	r24, 0xD6	; 214
  ae:	92 ed       	ldi	r25, 0xD2	; 210
  b0:	90 93 85 00 	sts	0x0085, r25	; 0x800085 <__DATA_REGION_ORIGIN__+0x25>
  b4:	80 93 84 00 	sts	0x0084, r24	; 0x800084 <__DATA_REGION_ORIGIN__+0x24>
  b8:	10 92 80 00 	sts	0x0080, r1	; 0x800080 <__DATA_REGION_ORIGIN__+0x20>
  bc:	85 e0       	ldi	r24, 0x05	; 5
  be:	80 93 81 00 	sts	0x0081, r24	; 0x800081 <__DATA_REGION_ORIGIN__+0x21>
  c2:	81 e0       	ldi	r24, 0x01	; 1
  c4:	80 93 6f 00 	sts	0x006F, r24	; 0x80006f <__DATA_REGION_ORIGIN__+0xf>
  c8:	78 94       	sei
  ca:	ff cf       	rjmp	.-2      	; 0xca <.Lname33+0x2>

000000cc <_exit>:
  cc:	f8 94       	cli

000000ce <__stop_program>:
  ce:	ff cf       	rjmp	.-2      	; 0xce <__stop_program>
